c:\users\user\documents\visual studio 2017\projects\project3_10_v180611\project3_10\project3_10\debug\vc141.pdb
c:\users\user\documents\visual studio 2017\projects\project3_10_v180611\project3_10\project3_10\debug\vesselobject.obj
c:\users\user\documents\visual studio 2017\projects\project3_10_v180611\project3_10\project3_10\debug\vessellv.obj
c:\users\user\documents\visual studio 2017\projects\project3_10_v180611\project3_10\project3_10\debug\vesseldd.obj
c:\users\user\documents\visual studio 2017\projects\project3_10_v180611\project3_10\project3_10\debug\vesselcv.obj
c:\users\user\documents\visual studio 2017\projects\project3_10_v180611\project3_10\project3_10\debug\vesselcg.obj
c:\users\user\documents\visual studio 2017\projects\project3_10_v180611\project3_10\project3_10\debug\vesselbb.obj
c:\users\user\documents\visual studio 2017\projects\project3_10_v180611\project3_10\project3_10\debug\vesselah.obj
c:\users\user\documents\visual studio 2017\projects\project3_10_v180611\project3_10\project3_10\debug\torpedo.obj
c:\users\user\documents\visual studio 2017\projects\project3_10_v180611\project3_10\project3_10\debug\team.obj
c:\users\user\documents\visual studio 2017\projects\project3_10_v180611\project3_10\project3_10\debug\shell.obj
c:\users\user\documents\visual studio 2017\projects\project3_10_v180611\project3_10\project3_10\debug\reef.obj
c:\users\user\documents\visual studio 2017\projects\project3_10_v180611\project3_10\project3_10\debug\mainform.obj
c:\users\user\documents\visual studio 2017\projects\project3_10_v180611\project3_10\project3_10\debug\geographicsystem.obj
c:\users\user\documents\visual studio 2017\projects\project3_10_v180611\project3_10\project3_10\debug\command.obj
c:\users\user\documents\visual studio 2017\projects\project3_10_v180611\project3_10\project3_10\debug\flatland.obj
c:\users\user\documents\visual studio 2017\projects\project3_10_v180611\project3_10\project3_10\debug\mountain.obj
c:\users\user\documents\visual studio 2017\projects\project3_10_v180611\project3_10\project3_10\debug\hydrometeorologicsystem.obj
c:\users\user\documents\visual studio 2017\projects\project3_10_v180611\project3_10\project3_10\debug\lightning.obj
c:\users\user\documents\visual studio 2017\projects\project3_10_v180611\project3_10\project3_10\debug\typhoon.obj
c:\users\user\documents\visual studio 2017\projects\project3_10_v180611\project3_10\project3_10\debug\fog.obj
c:\users\user\documents\visual studio 2017\projects\project3_10_v180611\project3_10\project3_10\debug\project310.mainform.resources
c:\users\user\documents\visual studio 2017\projects\project3_10_v180611\project3_10\project3_10\debug\project3_10.vcxproj.generateresource.cache
c:\users\user\documents\visual studio 2017\projects\project3_10_v180611\project3_10\project3_10\debug\project3_10.vcxprojresolveassemblyreference.cache
c:\users\user\documents\visual studio 2017\projects\project3_10_v180611\project3_10\project3_10\debug\.netframework,version=v4.6.1.assemblyattributes.obj
c:\users\user\documents\visual studio 2017\projects\project3_10_v180611\project3_10\debug\project3_10.pdb
c:\users\user\documents\visual studio 2017\projects\project3_10_v180611\project3_10\debug\project3_10.exe
c:\users\user\documents\visual studio 2017\projects\project3_10_v180611\project3_10\project3_10\debug\project3_10.tlog\cl.command.1.tlog
c:\users\user\documents\visual studio 2017\projects\project3_10_v180611\project3_10\project3_10\debug\project3_10.tlog\cl.read.1.tlog
c:\users\user\documents\visual studio 2017\projects\project3_10_v180611\project3_10\project3_10\debug\project3_10.tlog\cl.write.1.tlog
c:\users\user\documents\visual studio 2017\projects\project3_10_v180611\project3_10\project3_10\debug\project3_10.tlog\link.command.1.tlog
c:\users\user\documents\visual studio 2017\projects\project3_10_v180611\project3_10\project3_10\debug\project3_10.tlog\link.read.1.tlog
c:\users\user\documents\visual studio 2017\projects\project3_10_v180611\project3_10\project3_10\debug\project3_10.tlog\link.write.1.tlog
c:\users\user\documents\visual studio 2017\projects\project3_10_v180611\project3_10\project3_10\debug\project3_10.tlog\metagen.read.1.tlog
c:\users\user\documents\visual studio 2017\projects\project3_10_v180611\project3_10\project3_10\debug\project3_10.tlog\metagen.write.1.tlog
c:\users\user\documents\visual studio 2017\projects\project3_10_v180611\project3_10\project3_10\debug\project3_10.tlog\project3_10.write.1u.tlog
c:\users\user\documents\visual studio 2017\projects\project3_10_v180611\project3_10\project3_10\debug\project3_10.tlog\tzres.dll.bi
