c:\users\user\desktop\fleet command\project3_10\release\vc141.pdb
c:\users\user\desktop\fleet command\project3_10\release\vesselobject.obj
c:\users\user\desktop\fleet command\project3_10\release\vessellv.obj
c:\users\user\desktop\fleet command\project3_10\release\vesseldd.obj
c:\users\user\desktop\fleet command\project3_10\release\vesselcv.obj
c:\users\user\desktop\fleet command\project3_10\release\vesselcg.obj
c:\users\user\desktop\fleet command\project3_10\release\vesselbb.obj
c:\users\user\desktop\fleet command\project3_10\release\vesselah.obj
c:\users\user\desktop\fleet command\project3_10\release\typhoon.obj
c:\users\user\desktop\fleet command\project3_10\release\torpedo.obj
c:\users\user\desktop\fleet command\project3_10\release\team.obj
c:\users\user\desktop\fleet command\project3_10\release\shell.obj
c:\users\user\desktop\fleet command\project3_10\release\reef.obj
c:\users\user\desktop\fleet command\project3_10\release\mountain.obj
c:\users\user\desktop\fleet command\project3_10\release\mainform.obj
c:\users\user\desktop\fleet command\project3_10\release\lightning.obj
c:\users\user\desktop\fleet command\project3_10\release\hydrometeorologicsystem.obj
c:\users\user\desktop\fleet command\project3_10\release\geographicsystem.obj
c:\users\user\desktop\fleet command\project3_10\release\fog.obj
c:\users\user\desktop\fleet command\project3_10\release\flatland.obj
c:\users\user\desktop\fleet command\project3_10\release\command.obj
c:\users\user\desktop\fleet command\project3_10\release\.netframework,version=v4.6.1.assemblyattributes.obj
c:\users\user\desktop\fleet command\project3_10\release\.netframework,version=v4.6.1.assemblyattributes.asm
c:\users\user\desktop\fleet command\project3_10\release\project310.mainform.resources
c:\users\user\desktop\fleet command\release\game.exe
c:\users\user\desktop\fleet command\release\game.pdb
c:\users\user\desktop\fleet command\project3_10\release\project3_10.vcxproj.generateresource.cache
c:\users\user\desktop\fleet command\project3_10\release\project3_10.vcxprojassemblyreference.cache
c:\users\user\desktop\fleet command\project3_10\release\game.tlog\cl.command.1.tlog
c:\users\user\desktop\fleet command\project3_10\release\game.tlog\cl.read.1.tlog
c:\users\user\desktop\fleet command\project3_10\release\game.tlog\cl.write.1.tlog
c:\users\user\desktop\fleet command\project3_10\release\game.tlog\game.write.1u.tlog
c:\users\user\desktop\fleet command\project3_10\release\game.tlog\link.command.1.tlog
c:\users\user\desktop\fleet command\project3_10\release\game.tlog\link.read.1.tlog
c:\users\user\desktop\fleet command\project3_10\release\game.tlog\link.write.1.tlog
c:\users\user\desktop\fleet command\project3_10\release\game.tlog\metagen.read.1.tlog
c:\users\user\desktop\fleet command\project3_10\release\game.tlog\metagen.write.1.tlog
